Arguments: 
  /home/kim/.nvm/versions/node/v11.3.0/bin/node /usr/share/yarn/bin/yarn.js

PATH: 
  /home/kim/.cargo/bin:/home/kim/.local/bin:/home/kim/.nvm/versions/node/v11.3.0/bin:/home/kim/.cargo/bin:/home/kim/.local/bin:/usr/local/sbin:/usr/local/bin:/usr/sbin:/usr/bin:/sbin:/bin:/usr/games:/usr/local/games:/snap/bin

Yarn version: 
  1.12.3

Node version: 
  11.3.0

Platform: 
  linux x64

Trace: 
  SyntaxError: /home/kim/Code/Erasure/hackathon/sdk/packages/Feed/package.json: Unexpected token } in JSON at position 729
      at JSON.parse (<anonymous>)
      at /usr/share/yarn/lib/cli.js:1631:59
      at Generator.next (<anonymous>)
      at step (/usr/share/yarn/lib/cli.js:304:30)
      at /usr/share/yarn/lib/cli.js:315:13

npm manifest: 
  {
    "name": "feed",
    "version": "0.0.1",
    "description": "> TODO: description",
    "author": "propulsor <propulsor.ichimoku@gmail.com>",
    "homepage": "",
    "license": "ISC",
    "main": "lib/Users.js",
    "directories": {
      "lib": "lib",
      "test": "__tests__"
    },
    "files": [
      "lib"
    ],
    "scripts": {
      "ganache": "ganache-cli --port 8545 --deterministic --secure -u 0x9608010323ed882a38ede9211d7691102b4f0ba0 --defaultBalanceEther 1000 -i 5777",
      "test": "bash run-ganache-tests.sh",
      "test_etherlime": "yarn etherlime test --timeout=10000"
    },
    "devDependencies": {
      "etherlime": "^2.2.4",
      "etherlime-lib": "^1.1.5",
      "ganache-cli": "^6.7.0",
      "mocha": "^6.2.2",
      "npm-run-all": "^4.1.5",
    },
    "dependencies": {
      "dotenv": "^8.2.0",
      "ethers": "^4.0.39",
      "npm-run-all": "^4.1.5"
    }
  }

yarn manifest: 
  No manifest

Lockfile: 
  No lockfile
